Traceback (most recent call last):
  File "/home/wangshu/anaconda3/envs/rag/lib/python3.10/runpy.py", line 196, in _run_module_as_main
    return _run_code(code, main_globals, None,
  File "/home/wangshu/anaconda3/envs/rag/lib/python3.10/runpy.py", line 86, in _run_code
    exec(code, run_globals)
  File "/home/wangshu/anaconda3/envs/rag/lib/python3.10/site-packages/graphrag/query/__main__.py", line 9, in <module>
    from .cli import run_global_search, run_local_search
  File "/home/wangshu/anaconda3/envs/rag/lib/python3.10/site-packages/graphrag/query/cli.py", line 17, in <module>
    from graphrag.index.progress import PrintProgressReporter
  File "/home/wangshu/anaconda3/envs/rag/lib/python3.10/site-packages/graphrag/index/__init__.py", line 40, in <module>
    from .run import run_pipeline, run_pipeline_with_config
  File "/home/wangshu/anaconda3/envs/rag/lib/python3.10/site-packages/graphrag/index/run.py", line 59, in <module>
    from .verbs import *  # noqa
  File "/home/wangshu/anaconda3/envs/rag/lib/python3.10/site-packages/graphrag/index/verbs/__init__.py", line 9, in <module>
    from .graph import (
  File "/home/wangshu/anaconda3/envs/rag/lib/python3.10/site-packages/graphrag/index/verbs/graph/__init__.py", line 10, in <module>
    from .layout import layout_graph
  File "/home/wangshu/anaconda3/envs/rag/lib/python3.10/site-packages/graphrag/index/verbs/graph/layout/__init__.py", line 6, in <module>
    from .layout_graph import layout_graph
  File "/home/wangshu/anaconda3/envs/rag/lib/python3.10/site-packages/graphrag/index/verbs/graph/layout/layout_graph.py", line 13, in <module>
    from graphrag.index.graph.visualization import GraphLayout
  File "/home/wangshu/anaconda3/envs/rag/lib/python3.10/site-packages/graphrag/index/graph/visualization/__init__.py", line 6, in <module>
    from .compute_umap_positions import compute_umap_positions, get_zero_positions
  File "/home/wangshu/anaconda3/envs/rag/lib/python3.10/site-packages/graphrag/index/graph/visualization/compute_umap_positions.py", line 6, in <module>
    import graspologic as gc
  File "/home/wangshu/anaconda3/envs/rag/lib/python3.10/site-packages/graspologic/__init__.py", line 9, in <module>
    import graspologic.layouts
  File "/home/wangshu/anaconda3/envs/rag/lib/python3.10/site-packages/graspologic/layouts/__init__.py", line 9, in <module>
    from .auto import layout_tsne, layout_umap  # isort:skip
  File "/home/wangshu/anaconda3/envs/rag/lib/python3.10/site-packages/graspologic/layouts/auto.py", line 11, in <module>
    import umap
  File "/home/wangshu/anaconda3/envs/rag/lib/python3.10/site-packages/umap/__init__.py", line 2, in <module>
    from .umap_ import UMAP
  File "/home/wangshu/anaconda3/envs/rag/lib/python3.10/site-packages/umap/umap_.py", line 48, in <module>
    from pynndescent import NNDescent
  File "/home/wangshu/anaconda3/envs/rag/lib/python3.10/site-packages/pynndescent/__init__.py", line 5, in <module>
    from .pynndescent_ import NNDescent, PyNNDescentTransformer
  File "/home/wangshu/anaconda3/envs/rag/lib/python3.10/site-packages/pynndescent/pynndescent_.py", line 22, in <module>
    import pynndescent.sparse as sparse
  File "/home/wangshu/anaconda3/envs/rag/lib/python3.10/site-packages/pynndescent/sparse.py", line 475, in <module>
    def sparse_bray_curtis(ind1, data1, ind2, data2):  # pragma: no cover
  File "/home/wangshu/anaconda3/envs/rag/lib/python3.10/site-packages/numba/core/decorators.py", line 232, in wrapper
    disp.compile(sig)
  File "/home/wangshu/anaconda3/envs/rag/lib/python3.10/site-packages/numba/core/dispatcher.py", line 905, in compile
    cres = self._compiler.compile(args, return_type)
  File "/home/wangshu/anaconda3/envs/rag/lib/python3.10/site-packages/numba/core/dispatcher.py", line 80, in compile
    status, retval = self._compile_cached(args, return_type)
  File "/home/wangshu/anaconda3/envs/rag/lib/python3.10/site-packages/numba/core/dispatcher.py", line 94, in _compile_cached
    retval = self._compile_core(args, return_type)
  File "/home/wangshu/anaconda3/envs/rag/lib/python3.10/site-packages/numba/core/dispatcher.py", line 107, in _compile_core
    cres = compiler.compile_extra(self.targetdescr.typing_context,
  File "/home/wangshu/anaconda3/envs/rag/lib/python3.10/site-packages/numba/core/compiler.py", line 744, in compile_extra
    return pipeline.compile_extra(func)
  File "/home/wangshu/anaconda3/envs/rag/lib/python3.10/site-packages/numba/core/compiler.py", line 438, in compile_extra
    return self._compile_bytecode()
  File "/home/wangshu/anaconda3/envs/rag/lib/python3.10/site-packages/numba/core/compiler.py", line 506, in _compile_bytecode
    return self._compile_core()
  File "/home/wangshu/anaconda3/envs/rag/lib/python3.10/site-packages/numba/core/compiler.py", line 472, in _compile_core
    pm.run(self.state)
  File "/home/wangshu/anaconda3/envs/rag/lib/python3.10/site-packages/numba/core/compiler_machinery.py", line 356, in run
    self._runPass(idx, pass_inst, state)
  File "/home/wangshu/anaconda3/envs/rag/lib/python3.10/site-packages/numba/core/compiler_lock.py", line 35, in _acquire_compile_lock
    return func(*args, **kwargs)
  File "/home/wangshu/anaconda3/envs/rag/lib/python3.10/site-packages/numba/core/compiler_machinery.py", line 311, in _runPass
    mutated |= check(pss.run_pass, internal_state)
  File "/home/wangshu/anaconda3/envs/rag/lib/python3.10/site-packages/numba/core/compiler_machinery.py", line 273, in check
    mangled = func(compiler_state)
  File "/home/wangshu/anaconda3/envs/rag/lib/python3.10/site-packages/numba/core/typed_passes.py", line 497, in run_pass
    cfunc = targetctx.get_executable(library, fndesc, env)
  File "/home/wangshu/anaconda3/envs/rag/lib/python3.10/site-packages/numba/core/cpu.py", line 239, in get_executable
    fnptr = library.get_pointer_to_function(
  File "/home/wangshu/anaconda3/envs/rag/lib/python3.10/site-packages/numba/core/codegen.py", line 989, in get_pointer_to_function
    self._ensure_finalized()
  File "/home/wangshu/anaconda3/envs/rag/lib/python3.10/site-packages/numba/core/codegen.py", line 567, in _ensure_finalized
    self.finalize()
  File "/home/wangshu/anaconda3/envs/rag/lib/python3.10/site-packages/numba/core/codegen.py", line 762, in finalize
    self._optimize_final_module()
  File "/home/wangshu/anaconda3/envs/rag/lib/python3.10/site-packages/numba/core/codegen.py", line 682, in _optimize_final_module
    self._codegen._mpm_full.run(self._final_module)
  File "/home/wangshu/anaconda3/envs/rag/lib/python3.10/site-packages/llvmlite/binding/passmanagers.py", line 698, in run
    return ffi.lib.LLVMPY_RunPassManager(self, module)
  File "/home/wangshu/anaconda3/envs/rag/lib/python3.10/site-packages/llvmlite/binding/ffi.py", line 192, in __call__
    return self._cfn(*args, **kwargs)
KeyboardInterrupt
